Arguments: 
  C:\Program Files\nodejs\node.exe C:\Users\18044846\AppData\Roaming\npm\node_modules\yarn\bin\yarn.js

PATH: 
  C:\Program Files (x86)\NetSarang\Xftp 6\;C:\Program Files (x86)\NetSarang\Xshell 6\;D:\Program Files\apache-tomcat-7.0.92\lib;D:\Program Files\apache-tomcat-7.0.92\bin;C:\Users\18044846\AppData\Roaming\Python\Python36\Scripts;C:\Program Files (x86)\Google\Chrome\Application;D:\Program Files (x86)\elasticsearch-6.2.4\elasticsearch-6.2.4\bin;C:\Program Files\TortoiseSVN\bin;D:\Program Files (x86)\apache-maven-3.5.3\bin;C:\Program Files (x86)\Common Files\Oracle\Java\javapath;C:\Program Files\Java\jdk1.8.0_11\bin;C:\ProgramData\Oracle\Java\javapath;C:\Python36\Scripts\;C:\Python36\;C:\sybase\OCS-12_5\dll;C:\sybase\OCS-12_5\bin;C:\sybase\SQLRemote\dll;C:\sybase\RPL-12_5\bin;C:\sybase\JS-12_5\bin;C:\sybase\ASE-12_5\dll;C:\sybase\ASE-12_5\bin;C:\Windows\system32;C:\Windows;C:\Windows\System32\Wbem;C:\Windows\System32\WindowsPowerShell\v1.0\;C:\Program Files (x86)\富基旋风科技\appSys01;C:\Pr;gram Files (x86)\富基旋风科技\appSys02;C:\Pr;gram Files (x86)\富基旋风科技\appSys01;C:\Pr;gram Files (x86)\富基旋风科技\appSys02;C:\Pr;gram Files (x86)\富基旋风科技\appSys03;C:\Pr;gram Files\TortoiseSVN\bin;D:\Go\bin;d:\Program Files\Microsoft VS Code\bin;d:\Program Files\Git\cmd;C:\Program Files\TortoiseGit\bin;C:\Program Files\nodejs\;;D:\Program Files\apache-tomcat-7.0.92\lib;D:\Program Files\apache-tomcat-7.0.92\bin;d:\Program Files\Microsoft VS Code\bin;C:\Users\18044846\AppData\Local\Programs\Fiddler;C:\Users\18044846\AppData\Local\atom\bin;C:\Users\18044846\go\bin;D:\Program Files (x86)\Fiddler;d:\Program Files\JetBrains\WebStorm 2018.3.3\bin;;d:\Program Files\JetBrains\PyCharm 2019.1.1\bin;;%IntelliJ IDEA%;C:\Users\18044846\AppData\Roaming\npm

Yarn version: 
  1.7.0

Node version: 
  10.16.1

Platform: 
  win32 x64

Trace: 
  SyntaxError: F:\Jans\git\pancake\admin\package.json: Unexpected token } in JSON at position 2574
      at JSON.parse (<anonymous>)
      at C:\Users\18044846\AppData\Roaming\npm\node_modules\yarn\lib\cli.js:1130:59
      at Generator.next (<anonymous>)
      at step (C:\Users\18044846\AppData\Roaming\npm\node_modules\yarn\lib\cli.js:98:30)
      at C:\Users\18044846\AppData\Roaming\npm\node_modules\yarn\lib\cli.js:109:13

npm manifest: 
  {
    "name": "ant-design-pro",
    "version": "2.1.1",
    "description": "An out-of-box UI solution for enterprise applications",
    "private": true,
    "scripts": {
      "presite": "node ./scripts/generateMock.js && cd functions && npm install",
      "start": "cross-env APP_TYPE=site umi dev",
      "start:no-mock": "cross-env MOCK=none umi dev",
      "build": "umi build",
      "site": "npm run presite && cross-env APP_TYPE=site npm run build && firebase deploy && npm run docker:push",
      "analyze": "cross-env ANALYZE=1 umi build",
      "lint:style": "stylelint \"src/**/*.less\" --syntax less",
      "lint": "eslint --ext .js src mock tests && npm run lint:style",
      "lint:fix": "eslint --fix --ext .js src mock tests && npm run lint:style",
      "tslint": "npm run tslint:fix",
      "tslint:fix": "tslint --fix 'src/**/*.ts*'",
      "test": "umi test",
      "test:component": "umi test ./src/components",
      "test:all": "node ./tests/run-tests.js",
      "prettier": "node ./scripts/prettier.js",
      "docker:dev": "docker-compose -f ./docker/docker-compose.dev.yml up",
      "docker:build": "docker-compose -f ./docker/docker-compose.dev.yml build",
      "docker-prod:dev": "docker-compose -f ./docker/docker-compose.yml up",
      "docker-prod:build": "docker-compose -f ./docker/docker-compose.yml build",
      "docker-hub:build": "docker build  -f Dockerfile.hub -t  ant-design-pro ./",
      "docker:tag": "docker tag ant-design-pro chenshuai2144/ant-design-pro",
      "docker:push": "npm run docker-hub:build && npm run docker:tag && docker push chenshuai2144/ant-design-pro"
    },
    "dependencies": {
      "@antv/data-set": "^0.10.1",
      "@babel/runtime": "^7.1.5",
      "antd": "^3.10.9",
      "aws-sdk": "^2.441.0",
      "bizcharts": "^3.4.0",
      "bizcharts-plugin-slider": "^2.1.1-beta.1",
      "classnames": "^2.2.6",
      "dva": "^2.4.0",
      "enquire-js": "^0.2.1",
      "hash.js": "^1.1.5",
      "highlight.js": "^9.15.6",
      "katex": "^0.10.1",
      "lodash": "^4.17.10",
      "lodash-decorators": "^6.0.0",
      "marked": "^0.6.2",
      "memoize-one": "^4.0.0",
      "mini-css-extract-plugin": "^0.5.0",
      "module": "^1.2.5",
      "moment": "^2.22.2",
      "numeral": "^2.0.6",
      "nzh": "^1.0.3",
      "omit.js": "^1.0.0",
      "path-to-regexp": "^2.4.0",
      "prop-types": "^15.5.10",
      "qs": "^6.6.0",
  
      "react": "^16.6.3",
      "react-container-query": "^0.11.0",
      "react-copy-to-clipboard": "^5.0.1",
      "react-document-title": "^2.0.3",
      "react-dom": "^16.6.3",
      "react-editor-md": "^1.0.10",
      "react-fittext": "^1.0.0",
  
  
  
      "react-router-dom": "^4.3.1",
  
  
    },
    "devDependencies": {
      "@types/react": "^16.7.7",
      "@types/react-dom": "^16.0.10",
      "antd-pro-merge-less": "^0.2.0",
      "antd-theme-webpack-plugin": "^1.2.0",
      "babel-eslint": "^10.0.1",
      "cross-env": "^5.1.1",
      "cross-port-killer": "^1.0.1",
      "enzyme": "^3.7.0",
      "eslint": "^5.4.0",
      "eslint-config-airbnb": "^17.0.0",
      "eslint-config-prettier": "^3.0.1",
      "eslint-plugin-babel": "^5.3.0",
      "eslint-plugin-compat": "^2.6.2",
      "eslint-plugin-import": "^2.14.0",
      "eslint-plugin-jsx-a11y": "^6.1.2",
      "eslint-plugin-markdown": "^1.0.0-beta.6",
      "eslint-plugin-react": "^7.11.1",
      "gh-pages": "^2.0.1",
      "husky": "^1.2.0",
      "jest-puppeteer": "^3.5.1",
      "lint-staged": "^8.1.0",
      "merge-umi-mock-data": "^1.0.5",
      "mockjs": "^1.0.1-beta3",
      "prettier": "1.15.2",
      "pro-download": "^1.0.1",
      "stylelint": "^9.8.0",
      "stylelint-config-prettier": "^4.0.0",
      "stylelint-config-standard": "^18.0.0",
      "tslint": "^5.10.0",
      "tslint-config-prettier": "^1.10.0",
      "tslint-react": "^3.6.0",
      "umi": "^2.6.14",
      "umi-plugin-ga": "^1.1.3",
      "umi-plugin-react": "^1.2.0"
    },
    "optionalDependencies": {
      "puppeteer": "^1.10.0"
    },
    "engines": {
      "node": ">=8.0.0"
    },
    "browserslist": [
      "> 1%",
      "last 2 versions",
      "not ie <= 10"
    ]
  }

yarn manifest: 
  No manifest

Lockfile: 
  No lockfile
